<?xml version="1.0" encoding="UTF-8"?>
<!-- Generated by org.testng.reporters.JUnitReportReporter -->
<testsuite skipped="0" hostname="Vaibhav4342" name="com.demo.qa.testcases.LoginPageTest" tests="1" failures="0" timestamp="2020-06-07T18:42:30 IST" time="22.097" errors="0">
  <testcase name="loginPageTitleTest" time="22.097" classname="com.demo.qa.testcases.LoginPageTest"/>
</testsuite> <!-- com.demo.qa.testcases.LoginPageTest -->
